生成启动时间为 2014/10/7 5:27:29。
     1>项目“D:\Code\UHacker\UHacker\UHacker.vcxproj”在节点 2 上(build 个目标)。
     1>InitializeBuildStatus:
         正在对“Debug\UHacker.unsuccessfulbuild”执行 Touch 任务。
       ClCompile:
         D:\Program Files\Microsoft Visual Studio 10.0\VC\bin\CL.exe /c /ZI /nologo /W3 /WX- /Od /Oy- /D WIN32 /D _DEBUG /D _WINDOWS /D _UNICODE /D UNICODE /Gm /EHsc /RTC1 /MDd /GS /fp:precise /Zc:wchar_t /Zc:forScope /Fo"Debug\\" /Fd"Debug\vc100.pdb" /Gd /TP /analyze- /errorReport:prompt main.cpp
         main.cpp
     1>d:\code\uhacker\uhacker\main.cpp(81): warning C4996: 'sprintf': This function or variable may be unsafe. Consider using sprintf_s instead. To disable deprecation, use _CRT_SECURE_NO_WARNINGS. See online help for details.
                 d:\program files\microsoft visual studio 10.0\vc\include\stdio.h(371) : 参见“sprintf”的声明
       Link:
         D:\Program Files\Microsoft Visual Studio 10.0\VC\bin\link.exe /ERRORREPORT:PROMPT /OUT:"D:\Code\UHacker\Debug\UHacker.exe" /INCREMENTAL /NOLOGO kernel32.lib user32.lib gdi32.lib winspool.lib comdlg32.lib advapi32.lib shell32.lib ole32.lib oleaut32.lib uuid.lib odbc32.lib odbccp32.lib /MANIFEST /ManifestFile:"Debug\UHacker.exe.intermediate.manifest" /MANIFESTUAC:"level='asInvoker' uiAccess='false'" /DEBUG /PDB:"D:\Code\UHacker\Debug\UHacker.pdb" /SUBSYSTEM:WINDOWS /TLBID:1 /DYNAMICBASE /NXCOMPAT /IMPLIB:"D:\Code\UHacker\Debug\UHacker.lib" /MACHINE:X86 Debug\main.obj
         UHacker.vcxproj -> D:\Code\UHacker\Debug\UHacker.exe
       Manifest:
         C:\Program Files (x86)\Microsoft SDKs\Windows\v7.0A\bin\mt.exe /nologo /verbose /out:"D:\Code\UHacker\Debug\UHacker.exe.manifest" /manifest Debug\UHacker.exe.intermediate.manifest
       FinalizeBuildStatus:
         正在删除文件“Debug\UHacker.unsuccessfulbuild”。
         正在对“Debug\UHacker.lastbuildstate”执行 Touch 任务。
     1>已完成生成项目“D:\Code\UHacker\UHacker\UHacker.vcxproj”(build 个目标)的操作。

生成成功。

已用时间 00:00:02.26
